2025-06-15 16:19:01,863 - INFO - 🚀 Запуск ZooTotemBot…
2025-06-15 16:19:01,867 - INFO - 🛑 Бот остановлен
2025-06-15 16:19:46,267 - INFO - 🚀 Запуск ZooTotemBot…
2025-06-15 16:19:46,269 - INFO - 🛑 Бот остановлен
2025-06-15 16:19:56,873 - INFO - 🚀 Запуск ZooTotemBot…
2025-06-15 16:19:56,874 - INFO - 🛑 Бот остановлен
2025-06-15 16:21:43,232 - INFO - 🚀 Запуск ZooTotemBot…
2025-06-15 16:21:59,436 - INFO - Пользователь 477710237 начинает викторину
2025-06-15 16:24:11,454 - INFO - Пользователь 7914513558 ответил на все вопросы
2025-06-15 16:27:04,241 - INFO - 🛑 Бот остановлен
2025-06-15 16:27:10,081 - INFO - 🚀 Запуск ZooTotemBot…
2025-06-15 16:27:11,213 - INFO - Пользователь 477710237 начинает викторину
2025-06-15 16:27:34,769 - INFO - Пользователь 7914513558 ответил на все вопросы
2025-06-15 16:27:34,937 - WARNING - Логотип не найден по пути media/logo/MZoo-logo-circle-mono-black.png
2025-06-15 16:27:35,116 - INFO - Сгенерирована картинка результата: media/generated\SFTGZooBot_СУРИКАТ.png
2025-06-15 16:29:49,331 - INFO - 🛑 Бот остановлен
2025-06-15 16:29:57,710 - INFO - 🚀 Запуск ZooTotemBot…
2025-06-15 16:31:08,862 - INFO - Пользователь 258313811 начинает викторину
2025-06-15 16:32:24,201 - INFO - Пользователь 7914513558 ответил на все вопросы
2025-06-15 16:32:24,345 - WARNING - Логотип не найден по пути media/logo/MZoo-logo-circle-mono-black.png
2025-06-15 16:32:24,416 - INFO - Сгенерирована картинка результата: media/generated\SFTGZooBot_БУРЫЙ МЕДВЕДЬ.png
2025-06-15 16:37:30,614 - INFO - Пользователь 477710237 инициировал отзыв
2025-06-15 16:37:41,637 - INFO - Отзыв от 477710237 сохранён
2025-06-15 16:38:57,099 - INFO - Пользователь 477710237 начинает викторину
2025-06-15 16:39:22,530 - INFO - Пользователь 7914513558 ответил на все вопросы
2025-06-15 16:39:22,636 - WARNING - Логотип не найден по пути media/logo/MZoo-logo-circle-mono-black.png
2025-06-15 16:39:22,812 - INFO - Сгенерирована картинка результата: media/generated\SFTGZooBot_СУРИКАТ.png
2025-06-15 16:41:13,534 - INFO - 🛑 Бот остановлен
2025-06-15 16:41:20,932 - INFO - 🚀 Запуск ZooBot…
2025-06-15 16:41:23,484 - INFO - Пользователь 477710237 делится результатом: сурикат
2025-06-15 16:41:23,631 - INFO - share_result: user_id=7914513558, totem=сурикат
2025-06-15 16:52:08,180 - INFO - Пользователь 477710237 начинает викторину
2025-06-15 16:52:27,205 - INFO - Пользователь 7914513558 ответил на все вопросы
2025-06-15 16:52:27,471 - INFO - Пользователь 7914513558 — тотем: ИРБИС, СНЕЖНЫЙ БАРС (7 очков)
2025-06-15 16:52:27,621 - WARNING - Логотип не найден по пути media/logo/MZoo-logo-circle-mono-black.png
2025-06-15 16:52:30,336 - INFO - Сгенерирована картинка результата: media/generated\SFTGZooBot_ИРБИС, СНЕЖНЫЙ БАРС.png
2025-06-15 16:59:18,341 - INFO - 🛑 Бот остановлен
2025-06-15 16:59:25,520 - INFO - 🚀 Запуск ZooBot…
2025-06-15 16:59:37,040 - INFO - Пользователь 477710237 (@ferbator) нажал /start
2025-06-15 16:59:38,642 - INFO - Пользователь 477710237 начинает викторину
2025-06-15 16:59:58,280 - INFO - Пользователь 7914513558 ответил на все вопросы
2025-06-15 16:59:58,359 - INFO - Пользователь 7914513558 — тотем: ИРБИС, СНЕЖНЫЙ БАРС (7 очков)
2025-06-15 16:59:58,518 - WARNING - Логотип не найден по пути media/logo/MZoo-logo-circle-mono-black.png
2025-06-15 17:00:01,035 - INFO - Сгенерирована картинка результата: media/generated\SFTGZooBot_ИРБИС, СНЕЖНЫЙ БАРС.png
2025-06-15 17:00:01,039 - WARNING - Image too large (10797908 bytes). Compressing...
2025-06-15 17:00:01,591 - INFO - Compressed image to 2272717 bytes at quality=95
2025-06-15 17:00:42,110 - INFO - Пользователь 666694120 (@quq3z) нажал /start
2025-06-15 17:00:58,467 - INFO - Пользователь 666694120 начинает викторину
2025-06-15 17:03:08,981 - INFO - Пользователь 7914513558 ответил на все вопросы
2025-06-15 17:03:09,070 - INFO - Пользователь 7914513558 — тотем: ОРЛИНЫЙ ПОПУГАЙ (5 очков)
2025-06-15 17:03:09,112 - WARNING - Логотип не найден по пути media/logo/MZoo-logo-circle-mono-black.png
2025-06-15 17:03:09,330 - INFO - Сгенерирована картинка результата: media/generated\SFTGZooBot_ОРЛИНЫЙ ПОПУГАЙ.png
2025-06-15 17:05:21,487 - INFO - 🛑 Бот остановлен
